<?xml version="1.0" encoding="UTF-8"?>
<!-- Generated by org.testng.reporters.JUnitReportReporter -->
<testsuite skipped="0" hostname="kathayat" name="Maventutor.Maventutorial.RestapiTest" tests="2" failures="0" timestamp="2020-06-10T01:07:59 IST" time="0.015" errors="0">
  <testcase name="dellog" time="0.015" classname="Maventutor.Maventutorial.RestapiTest"/>
  <system-out/>
  <testcase name="postjira" time="0.000" classname="Maventutor.Maventutorial.RestapiTest"/>
  <system-out/>
</testsuite> <!-- Maventutor.Maventutorial.RestapiTest -->
