<?xml version="1.0" encoding="UTF-8"?>
<!-- Generated by org.testng.reporters.JUnitReportReporter -->
<testsuite skipped="0" hostname="kathayat" name="Maventutor.Maventutorial.AppTest" tests="1" failures="0" timestamp="2020-06-10T01:07:59 IST" time="0.002" errors="0">
  <testcase name="testApp" time="0.002" classname="Maventutor.Maventutorial.AppTest"/>
  <system-out/>
</testsuite> <!-- Maventutor.Maventutorial.AppTest -->
