<?xml version="1.0" encoding="UTF-8"?>
<!-- Generated by org.testng.reporters.JUnitReportReporter -->
<testsuite skipped="0" hostname="kathayat" name="Maventutor.Maventutorial.RestapiTest" tests="2" failures="0" timestamp="2020-06-08T23:03:30 IST" time="0.032" errors="0">
  <testcase name="dellog" time="0.026" classname="Maventutor.Maventutorial.RestapiTest"/>
  <system-out/>
  <testcase name="postjira" time="0.006" classname="Maventutor.Maventutorial.RestapiTest"/>
  <system-out/>
</testsuite> <!-- Maventutor.Maventutorial.RestapiTest -->
