<?xml version="1.0" encoding="UTF-8"?>
<!-- Generated by org.testng.reporters.JUnitReportReporter -->
<testsuite skipped="0" hostname="kathayat" name="Maventutor.Maventutorial.Mobileapi" tests="2" failures="0" timestamp="2020-06-08T01:21:25 IST" time="0.112" errors="0">
  <testcase name="apptest" time="0.086" classname="Maventutor.Maventutorial.Mobileapi"/>
  <system-out/>
  <testcase name="deletetwitter" time="0.026" classname="Maventutor.Maventutorial.Mobileapi"/>
  <system-out/>
</testsuite> <!-- Maventutor.Maventutorial.Mobileapi -->
