<?xml version="1.0" encoding="UTF-8"?>
<!-- Generated by org.testng.reporters.JUnitReportReporter -->
<testsuite skipped="0" hostname="kathayat" name="Maventutor.Maventutorial.Selenium2Test" tests="2" failures="0" timestamp="2020-06-08T20:14:59 IST" time="0.032" errors="0">
  <testcase name="browserautomation" time="0.026" classname="Maventutor.Maventutorial.Selenium2Test"/>
  <system-out/>
  <testcase name="uielements" time="0.006" classname="Maventutor.Maventutorial.Selenium2Test"/>
  <system-out/>
</testsuite> <!-- Maventutor.Maventutorial.Selenium2Test -->
