<?xml version="1.0" encoding="UTF-8"?>
<!-- Generated by org.testng.reporters.JUnitReportReporter -->
<testsuite skipped="0" hostname="kathayat" name="Maventutor.Maventutorial.Selenium2Test" tests="2" failures="0" timestamp="2020-06-08T23:35:31 IST" time="0.016" errors="0">
  <testcase name="browserautomation" time="0.015" classname="Maventutor.Maventutorial.Selenium2Test"/>
  <system-out/>
  <testcase name="uielements" time="0.001" classname="Maventutor.Maventutorial.Selenium2Test"/>
  <system-out/>
</testsuite> <!-- Maventutor.Maventutorial.Selenium2Test -->
